[INFO] Scanning for projects...
[INFO] 
[INFO] ------------< org.example:ApproximateConsensusToolkitMaven >------------
[INFO] Building ApproximateConsensusToolkitMaven 1.0-SNAPSHOT
[INFO]   from pom.xml
[INFO] --------------------------------[ jar ]---------------------------------
[INFO] 
[INFO] --- exec:1.4.0:java (default-cli) @ ApproximateConsensusToolkitMaven ---
FCA 4502
Server listening at /127.0.0.1:12346
2/6
3/6
4/6
5/6
6/6
156615833
44046208
135872917
109291834
77348583
102280667
44419125
126087792
51412458
94688333
45202792
93487958
64121208
54592334
65968792
60384333
75233000
112704875
45329000
71233875
47892250
32479375
45552292
70828042
56044833
78995541
68793917
