[INFO] Scanning for projects...
[INFO] 
[INFO] ------------< org.example:ApproximateConsensusToolkitMaven >------------
[INFO] Building ApproximateConsensusToolkitMaven 1.0-SNAPSHOT
[INFO]   from pom.xml
[INFO] --------------------------------[ jar ]---------------------------------
[INFO] 
[INFO] --- exec:1.4.0:java (default-cli) @ ApproximateConsensusToolkitMaven ---
FCA 4520
Server listening at /127.0.0.1:12347
3/6
4/6
5/6
6/6
161507709
43562375
135743000
108571583
76853958
100570000
43856667
122786334
50435833
93274458
44307834
90006083
63710625
53883709
63393250
60146750
71373917
112943958
44783916
70281167
47589291
31715750
44772125
69705417
56465542
77933125
67531708
