[INFO] Scanning for projects...
[INFO] 
[INFO] ------------< org.example:ApproximateConsensusToolkitMaven >------------
[INFO] Building ApproximateConsensusToolkitMaven 1.0-SNAPSHOT
[INFO]   from pom.xml
[INFO] --------------------------------[ jar ]---------------------------------
[INFO] 
[INFO] --- exec:1.4.0:java (default-cli) @ ApproximateConsensusToolkitMaven ---
FCA 4537
Server listening at /127.0.0.1:12348
4/6
5/6
6/6
155573000
43577334
135324167
110953250
76969166
101194292
44253500
125070917
51340958
93981625
44282875
90631667
64315291
54942042
63419333
60275000
72853166
113421917
44648000
71085250
47715125
31758125
45147083
70172917
56609375
78515750
67996916
