[INFO] Scanning for projects...
[INFO] 
[INFO] ------------< org.example:ApproximateConsensusToolkitMaven >------------
[INFO] Building ApproximateConsensusToolkitMaven 1.0-SNAPSHOT
[INFO] --------------------------------[ jar ]---------------------------------
[INFO] 
[INFO] --- exec-maven-plugin:1.4.0:java (default-cli) @ ApproximateConsensusToolkitMaven ---
SynchDLPSW86 4002
[WARNING] 
java.lang.reflect.InvocationTargetException
    at jdk.internal.reflect.DirectMethodHandleAccessor.invoke (DirectMethodHandleAccessor.java:119)
    at java.lang.reflect.Method.invoke (Method.java:578)
    at org.codehaus.mojo.exec.ExecJavaMojo$1.run (ExecJavaMojo.java:293)
    at java.lang.Thread.run (Thread.java:1589)
Caused by: java.net.BindException: Address already in use
    at sun.nio.ch.Net.bind0 (Native Method)
    at sun.nio.ch.Net.bind (Net.java:555)
    at sun.nio.ch.Net.bind (Net.java:544)
    at sun.nio.ch.AsynchronousServerSocketChannelImpl.bind (AsynchronousServerSocketChannelImpl.java:164)
    at java.nio.channels.AsynchronousServerSocketChannel.bind (AsynchronousServerSocketChannel.java:198)
    at core.Processor.<init> (Processor.java:353)
    at test.consensus.SynchDLPSW86.main (SynchDLPSW86.java:41)
    at jdk.internal.reflect.DirectMethodHandleAccessor.invoke (DirectMethodHandleAccessor.java:104)
    at java.lang.reflect.Method.invoke (Method.java:578)
    at org.codehaus.mojo.exec.ExecJavaMojo$1.run (ExecJavaMojo.java:293)
    at java.lang.Thread.run (Thread.java:1589)
