[INFO] Scanning for projects...
[INFO] 
[INFO] ------------< org.example:ApproximateConsensusToolkitMaven >------------
[INFO] Building ApproximateConsensusToolkitMaven 1.0-SNAPSHOT
[INFO]   from pom.xml
[INFO] --------------------------------[ jar ]---------------------------------
[INFO] 
[INFO] --- exec:1.4.0:java (default-cli) @ ApproximateConsensusToolkitMaven ---
FCA 4573
Server listening at /127.0.0.1:12350
6/6
153136334
43294458
133877459
108650084
77351333
100759125
43391792
125322334
50721792
93210500
44694834
92544500
63110000
54829166
66142917
59693083
71648208
110539458
44576959
70861625
37629166
31061417
44780584
69728917
53707042
78176250
67395542
